[0.054s] Invoking command in '/home/rover/osr_ws/build/osr_interfaces': CMAKE_PREFIX_PATH=/opt/ros/humble PS1=(venv) \[\e]0;\u@\h: \w\a\]${debian_chroot:+($debian_chroot)}\[\033[01;32m\]\u@\h\[\033[00m\]:\[\033[01;34m\]\w\[\033[00m\]\$ /usr/bin/cmake /home/rover/osr_ws/src/osr-rover-code/ROS/osr_interfaces -DAMENT_CMAKE_SYMLINK_INSTALL=1 -DCMAKE_INSTALL_PREFIX=/home/rover/osr_ws/install/osr_interfaces
[0.100s] -- Found rosidl_default_generators: 1.2.0 (/opt/ros/humble/share/rosidl_default_generators/cmake)
[0.101s] -- Found ament_cmake_core: 1.3.11 (/opt/ros/humble/share/ament_cmake_core/cmake)
[0.659s] -- Override CMake install command with custom implementation using symlinks instead of copying resources
[0.668s] -- Using all available rosidl_typesupport_c: rosidl_typesupport_fastrtps_c;rosidl_typesupport_introspection_c
[0.680s] -- Found rosidl_adapter: 3.1.6 (/opt/ros/humble/share/rosidl_adapter/cmake)
[0.861s] -- Using all available rosidl_typesupport_cpp: rosidl_typesupport_fastrtps_cpp;rosidl_typesupport_introspection_cpp
[1.463s] [31mCMake Error at /opt/ros/humble/share/rosidl_adapter/cmake/rosidl_adapt_interfaces.cmake:59 (message):
[1.464s]   execute_process(/home/rover/osr_ws/venv/bin/python3 -m rosidl_adapter
[1.464s]   --package-name osr_interfaces --arguments-file
[1.464s]   /home/rover/osr_ws/build/osr_interfaces/rosidl_adapter__arguments__osr_interfaces.json
[1.465s]   --output-dir
[1.465s]   /home/rover/osr_ws/build/osr_interfaces/rosidl_adapter/osr_interfaces
[1.465s]   --output-file
[1.466s]   /home/rover/osr_ws/build/osr_interfaces/rosidl_adapter/osr_interfaces.idls)
[1.466s]   returned error code 1:
[1.466s] 
[1.467s]   AttributeError processing template 'msg.idl.em'
[1.467s] 
[1.468s]   Traceback (most recent call last):
[1.468s] 
[1.468s]     File "/opt/ros/humble/local/lib/python3.10/dist-packages/rosidl_adapter/resource/__init__.py", line 51, in evaluate_template
[1.469s]       em.BUFFERED_OPT: True,
[1.469s] 
[1.470s]   AttributeError: module 'em' has no attribute 'BUFFERED_OPT'
[1.470s] 
[1.471s]   
[1.471s] 
[1.472s]   During handling of the above exception, another exception occurred:
[1.472s] 
[1.473s]   
[1.473s] 
[1.474s]   Traceback (most recent call last):
[1.474s] 
[1.474s]     File "/usr/lib/python3.10/runpy.py", line 196, in _run_module_as_main
[1.475s]       return _run_code(code, main_globals, None,
[1.475s]     File "/usr/lib/python3.10/runpy.py", line 86, in _run_code
[1.476s]       exec(code, run_globals)
[1.476s]     File "/opt/ros/humble/local/lib/python3.10/dist-packages/rosidl_adapter/__main__.py", line 19, in <module>
[1.476s]       sys.exit(main())
[1.477s]     File "/opt/ros/humble/local/lib/python3.10/dist-packages/rosidl_adapter/main.py", line 53, in main
[1.477s]       abs_idl_file = convert_to_idl(
[1.478s]     File "/opt/ros/humble/local/lib/python3.10/dist-packages/rosidl_adapter/__init__.py", line 19, in convert_to_idl
[1.480s]       return convert_msg_to_idl(
[1.480s]     File "/opt/ros/humble/local/lib/python3.10/dist-packages/rosidl_adapter/msg/__init__.py", line 39, in convert_msg_to_idl
[1.481s]       expand_template('msg.idl.em', data, output_file, encoding='iso-8859-1')
[1.482s]     File "/opt/ros/humble/local/lib/python3.10/dist-packages/rosidl_adapter/resource/__init__.py", line 23, in expand_template
[1.482s]       content = evaluate_template(template_name, data)
[1.483s]     File "/opt/ros/humble/local/lib/python3.10/dist-packages/rosidl_adapter/resource/__init__.py", line 69, in evaluate_template
[1.486s]       _interpreter.shutdown()
[1.488s] 
[1.488s]   AttributeError: 'NoneType' object has no attribute 'shutdown'
[1.488s] 
[1.489s] Call Stack (most recent call first):
[1.489s]   /opt/ros/humble/share/rosidl_cmake/cmake/rosidl_generate_interfaces.cmake:130 (rosidl_adapt_interfaces)
[1.490s]   CMakeLists.txt:20 (rosidl_generate_interfaces)
[1.490s] 
[1.490s] [0m
[1.491s] -- Configuring incomplete, errors occurred!
[1.491s] See also "/home/rover/osr_ws/build/osr_interfaces/CMakeFiles/CMakeOutput.log".
[1.492s] Invoked command in '/home/rover/osr_ws/build/osr_interfaces' returned '1': CMAKE_PREFIX_PATH=/opt/ros/humble PS1=(venv) \[\e]0;\u@\h: \w\a\]${debian_chroot:+($debian_chroot)}\[\033[01;32m\]\u@\h\[\033[00m\]:\[\033[01;34m\]\w\[\033[00m\]\$ /usr/bin/cmake /home/rover/osr_ws/src/osr-rover-code/ROS/osr_interfaces -DAMENT_CMAKE_SYMLINK_INSTALL=1 -DCMAKE_INSTALL_PREFIX=/home/rover/osr_ws/install/osr_interfaces
