[0.000000] (-) TimerEvent: {}
[0.001662] (osr_bringup) JobQueued: {'identifier': 'osr_bringup', 'dependencies': OrderedDict()}
[0.002139] (osr_interfaces) JobQueued: {'identifier': 'osr_interfaces', 'dependencies': OrderedDict()}
[0.002316] (osr_control) JobQueued: {'identifier': 'osr_control', 'dependencies': OrderedDict([('osr_interfaces', '/home/rover/osr_ws/install/osr_interfaces')])}
[0.002408] (osr_interfaces) JobStarted: {'identifier': 'osr_interfaces'}
[0.024652] (osr_bringup) JobStarted: {'identifier': 'osr_bringup'}
[0.043155] (osr_interfaces) JobProgress: {'identifier': 'osr_interfaces', 'progress': 'cmake'}
[0.046456] (osr_interfaces) Command: {'cmd': ['/usr/bin/cmake', '/home/rover/osr_ws/src/osr-rover-code/ROS/osr_interfaces', '-DAMENT_CMAKE_SYMLINK_INSTALL=1', '-DCMAKE_INSTALL_PREFIX=/home/rover/osr_ws/install/osr_interfaces'], 'cwd': '/home/rover/osr_ws/build/osr_interfaces', 'env': OrderedDict([('LESSOPEN', '| /usr/bin/lesspipe %s'), ('USER', 'rover'), ('SSH_CLIENT', 'fe80::8d06:25b3:7f76:bd9c%wlan0 58151 22'), ('XDG_SESSION_TYPE', 'tty'), ('SHLVL', '1'), ('LD_LIBRARY_PATH', '/opt/ros/humble/lib/aarch64-linux-gnu:/opt/ros/humble/lib'), ('MOTD_SHOWN', 'pam'), ('HOME', '/home/rover'), ('OLDPWD', '/home/rover/osr_ws/src'), ('SSH_TTY', '/dev/pts/0'), ('ROS_PYTHON_VERSION', '3'), ('PS1', '(venv) \\[\\e]0;\\u@\\h: \\w\\a\\]${debian_chroot:+($debian_chroot)}\\[\\033[01;32m\\]\\u@\\h\\[\\033[00m\\]:\\[\\033[01;34m\\]\\w\\[\\033[00m\\]\\$'), ('DBUS_SESSION_BUS_ADDRESS', 'unix:path=/run/user/1000/bus'), ('ROS_DISTRO', 'humble'), ('LOGNAME', 'rover'), ('_', '/usr/bin/colcon'), ('ROS_VERSION', '2'), ('XDG_SESSION_CLASS', 'user'), ('TERM', 'xterm-256color'), ('XDG_SESSION_ID', '1'), ('ROS_LOCALHOST_ONLY', '0'), ('PATH', '/home/rover/osr_ws/venv/bin:/opt/ros/humble/bin:/usr/local/sbin:/usr/local/bin:/usr/sbin:/usr/bin:/sbin:/bin:/usr/games:/usr/local/games:/snap/bin'), ('XDG_RUNTIME_DIR', '/run/user/1000'), ('LANG', 'en_US.UTF-8'), ('LS_COLORS', 'rs=0:di=01;34:ln=01;36:mh=00:pi=40;33:so=01;35:do=01;35:bd=40;33;01:cd=40;33;01:or=40;31;01:mi=00:su=37;41:sg=30;43:ca=30;41:tw=30;42:ow=34;42:st=37;44:ex=01;32:*.tar=01;31:*.tgz=01;31:*.arc=01;31:*.arj=01;31:*.taz=01;31:*.lha=01;31:*.lz4=01;31:*.lzh=01;31:*.lzma=01;31:*.tlz=01;31:*.txz=01;31:*.tzo=01;31:*.t7z=01;31:*.zip=01;31:*.z=01;31:*.dz=01;31:*.gz=01;31:*.lrz=01;31:*.lz=01;31:*.lzo=01;31:*.xz=01;31:*.zst=01;31:*.tzst=01;31:*.bz2=01;31:*.bz=01;31:*.tbz=01;31:*.tbz2=01;31:*.tz=01;31:*.deb=01;31:*.rpm=01;31:*.jar=01;31:*.war=01;31:*.ear=01;31:*.sar=01;31:*.rar=01;31:*.alz=01;31:*.ace=01;31:*.zoo=01;31:*.cpio=01;31:*.7z=01;31:*.rz=01;31:*.cab=01;31:*.wim=01;31:*.swm=01;31:*.dwm=01;31:*.esd=01;31:*.jpg=01;35:*.jpeg=01;35:*.mjpg=01;35:*.mjpeg=01;35:*.gif=01;35:*.bmp=01;35:*.pbm=01;35:*.pgm=01;35:*.ppm=01;35:*.tga=01;35:*.xbm=01;35:*.xpm=01;35:*.tif=01;35:*.tiff=01;35:*.png=01;35:*.svg=01;35:*.svgz=01;35:*.mng=01;35:*.pcx=01;35:*.mov=01;35:*.mpg=01;35:*.mpeg=01;35:*.m2v=01;35:*.mkv=01;35:*.webm=01;35:*.webp=01;35:*.ogm=01;35:*.mp4=01;35:*.m4v=01;35:*.mp4v=01;35:*.vob=01;35:*.qt=01;35:*.nuv=01;35:*.wmv=01;35:*.asf=01;35:*.rm=01;35:*.rmvb=01;35:*.flc=01;35:*.avi=01;35:*.fli=01;35:*.flv=01;35:*.gl=01;35:*.dl=01;35:*.xcf=01;35:*.xwd=01;35:*.yuv=01;35:*.cgm=01;35:*.emf=01;35:*.ogv=01;35:*.ogx=01;35:*.aac=00;36:*.au=00;36:*.flac=00;36:*.m4a=00;36:*.mid=00;36:*.midi=00;36:*.mka=00;36:*.mp3=00;36:*.mpc=00;36:*.ogg=00;36:*.ra=00;36:*.wav=00;36:*.oga=00;36:*.opus=00;36:*.spx=00;36:*.xspf=00;36:'), ('AMENT_PREFIX_PATH', '/opt/ros/humble'), ('SHELL', '/bin/bash'), ('LESSCLOSE', '/usr/bin/lesspipe %s %s'), ('VIRTUAL_ENV', '/home/rover/osr_ws/venv'), ('PWD', '/home/rover/osr_ws/build/osr_interfaces'), ('LC_ALL', 'en_US.UTF-8'), ('SSH_CONNECTION', 'fe80::8d06:25b3:7f76:bd9c%wlan0 58151 fe80::e65f:1ff:fe0c:4181%wlan0 22'), ('XDG_DATA_DIRS', '/usr/local/share:/usr/share:/var/lib/snapd/desktop'), ('PYTHONPATH', '/opt/ros/humble/lib/python3.10/site-packages:/opt/ros/humble/local/lib/python3.10/dist-packages'), ('COLCON', '1'), ('CMAKE_PREFIX_PATH', '/opt/ros/humble')]), 'shell': False}
[0.062380] (osr_bringup) JobProgress: {'identifier': 'osr_bringup', 'progress': 'cmake'}
[0.065589] (osr_bringup) JobProgress: {'identifier': 'osr_bringup', 'progress': 'build'}
[0.068634] (osr_bringup) Command: {'cmd': ['/usr/bin/cmake', '--build', '/home/rover/osr_ws/build/osr_bringup', '--', '-j4', '-l4'], 'cwd': '/home/rover/osr_ws/build/osr_bringup', 'env': OrderedDict([('LESSOPEN', '| /usr/bin/lesspipe %s'), ('USER', 'rover'), ('SSH_CLIENT', 'fe80::8d06:25b3:7f76:bd9c%wlan0 58151 22'), ('XDG_SESSION_TYPE', 'tty'), ('SHLVL', '1'), ('LD_LIBRARY_PATH', '/opt/ros/humble/lib/aarch64-linux-gnu:/opt/ros/humble/lib'), ('MOTD_SHOWN', 'pam'), ('HOME', '/home/rover'), ('OLDPWD', '/home/rover/osr_ws/src'), ('SSH_TTY', '/dev/pts/0'), ('ROS_PYTHON_VERSION', '3'), ('PS1', '(venv) \\[\\e]0;\\u@\\h: \\w\\a\\]${debian_chroot:+($debian_chroot)}\\[\\033[01;32m\\]\\u@\\h\\[\\033[00m\\]:\\[\\033[01;34m\\]\\w\\[\\033[00m\\]\\$'), ('DBUS_SESSION_BUS_ADDRESS', 'unix:path=/run/user/1000/bus'), ('ROS_DISTRO', 'humble'), ('LOGNAME', 'rover'), ('_', '/usr/bin/colcon'), ('ROS_VERSION', '2'), ('XDG_SESSION_CLASS', 'user'), ('TERM', 'xterm-256color'), ('XDG_SESSION_ID', '1'), ('ROS_LOCALHOST_ONLY', '0'), ('PATH', '/home/rover/osr_ws/venv/bin:/opt/ros/humble/bin:/usr/local/sbin:/usr/local/bin:/usr/sbin:/usr/bin:/sbin:/bin:/usr/games:/usr/local/games:/snap/bin'), ('XDG_RUNTIME_DIR', '/run/user/1000'), ('LANG', 'en_US.UTF-8'), ('LS_COLORS', 'rs=0:di=01;34:ln=01;36:mh=00:pi=40;33:so=01;35:do=01;35:bd=40;33;01:cd=40;33;01:or=40;31;01:mi=00:su=37;41:sg=30;43:ca=30;41:tw=30;42:ow=34;42:st=37;44:ex=01;32:*.tar=01;31:*.tgz=01;31:*.arc=01;31:*.arj=01;31:*.taz=01;31:*.lha=01;31:*.lz4=01;31:*.lzh=01;31:*.lzma=01;31:*.tlz=01;31:*.txz=01;31:*.tzo=01;31:*.t7z=01;31:*.zip=01;31:*.z=01;31:*.dz=01;31:*.gz=01;31:*.lrz=01;31:*.lz=01;31:*.lzo=01;31:*.xz=01;31:*.zst=01;31:*.tzst=01;31:*.bz2=01;31:*.bz=01;31:*.tbz=01;31:*.tbz2=01;31:*.tz=01;31:*.deb=01;31:*.rpm=01;31:*.jar=01;31:*.war=01;31:*.ear=01;31:*.sar=01;31:*.rar=01;31:*.alz=01;31:*.ace=01;31:*.zoo=01;31:*.cpio=01;31:*.7z=01;31:*.rz=01;31:*.cab=01;31:*.wim=01;31:*.swm=01;31:*.dwm=01;31:*.esd=01;31:*.jpg=01;35:*.jpeg=01;35:*.mjpg=01;35:*.mjpeg=01;35:*.gif=01;35:*.bmp=01;35:*.pbm=01;35:*.pgm=01;35:*.ppm=01;35:*.tga=01;35:*.xbm=01;35:*.xpm=01;35:*.tif=01;35:*.tiff=01;35:*.png=01;35:*.svg=01;35:*.svgz=01;35:*.mng=01;35:*.pcx=01;35:*.mov=01;35:*.mpg=01;35:*.mpeg=01;35:*.m2v=01;35:*.mkv=01;35:*.webm=01;35:*.webp=01;35:*.ogm=01;35:*.mp4=01;35:*.m4v=01;35:*.mp4v=01;35:*.vob=01;35:*.qt=01;35:*.nuv=01;35:*.wmv=01;35:*.asf=01;35:*.rm=01;35:*.rmvb=01;35:*.flc=01;35:*.avi=01;35:*.fli=01;35:*.flv=01;35:*.gl=01;35:*.dl=01;35:*.xcf=01;35:*.xwd=01;35:*.yuv=01;35:*.cgm=01;35:*.emf=01;35:*.ogv=01;35:*.ogx=01;35:*.aac=00;36:*.au=00;36:*.flac=00;36:*.m4a=00;36:*.mid=00;36:*.midi=00;36:*.mka=00;36:*.mp3=00;36:*.mpc=00;36:*.ogg=00;36:*.ra=00;36:*.wav=00;36:*.oga=00;36:*.opus=00;36:*.spx=00;36:*.xspf=00;36:'), ('AMENT_PREFIX_PATH', '/opt/ros/humble'), ('SHELL', '/bin/bash'), ('LESSCLOSE', '/usr/bin/lesspipe %s %s'), ('VIRTUAL_ENV', '/home/rover/osr_ws/venv'), ('PWD', '/home/rover/osr_ws/build/osr_bringup'), ('LC_ALL', 'en_US.UTF-8'), ('SSH_CONNECTION', 'fe80::8d06:25b3:7f76:bd9c%wlan0 58151 fe80::e65f:1ff:fe0c:4181%wlan0 22'), ('XDG_DATA_DIRS', '/usr/local/share:/usr/share:/var/lib/snapd/desktop'), ('PYTHONPATH', '/opt/ros/humble/lib/python3.10/site-packages:/opt/ros/humble/local/lib/python3.10/dist-packages'), ('COLCON', '1'), ('CMAKE_PREFIX_PATH', '/opt/ros/humble')]), 'shell': False}
[0.098668] (-) TimerEvent: {}
[0.101750] (osr_interfaces) StdoutLine: {'line': b'-- Found rosidl_default_generators: 1.2.0 (/opt/ros/humble/share/rosidl_default_generators/cmake)\n'}
[0.103011] (osr_interfaces) StdoutLine: {'line': b'-- Found ament_cmake_core: 1.3.11 (/opt/ros/humble/share/ament_cmake_core/cmake)\n'}
[0.198896] (-) TimerEvent: {}
[0.210623] (osr_bringup) CommandEnded: {'returncode': 0}
[0.213242] (osr_bringup) JobProgress: {'identifier': 'osr_bringup', 'progress': 'install'}
[0.243840] (osr_bringup) Command: {'cmd': ['/usr/bin/cmake', '--install', '/home/rover/osr_ws/build/osr_bringup'], 'cwd': '/home/rover/osr_ws/build/osr_bringup', 'env': OrderedDict([('LESSOPEN', '| /usr/bin/lesspipe %s'), ('USER', 'rover'), ('SSH_CLIENT', 'fe80::8d06:25b3:7f76:bd9c%wlan0 58151 22'), ('XDG_SESSION_TYPE', 'tty'), ('SHLVL', '1'), ('LD_LIBRARY_PATH', '/opt/ros/humble/lib/aarch64-linux-gnu:/opt/ros/humble/lib'), ('MOTD_SHOWN', 'pam'), ('HOME', '/home/rover'), ('OLDPWD', '/home/rover/osr_ws/src'), ('SSH_TTY', '/dev/pts/0'), ('ROS_PYTHON_VERSION', '3'), ('PS1', '(venv) \\[\\e]0;\\u@\\h: \\w\\a\\]${debian_chroot:+($debian_chroot)}\\[\\033[01;32m\\]\\u@\\h\\[\\033[00m\\]:\\[\\033[01;34m\\]\\w\\[\\033[00m\\]\\$'), ('DBUS_SESSION_BUS_ADDRESS', 'unix:path=/run/user/1000/bus'), ('ROS_DISTRO', 'humble'), ('LOGNAME', 'rover'), ('_', '/usr/bin/colcon'), ('ROS_VERSION', '2'), ('XDG_SESSION_CLASS', 'user'), ('TERM', 'xterm-256color'), ('XDG_SESSION_ID', '1'), ('ROS_LOCALHOST_ONLY', '0'), ('PATH', '/home/rover/osr_ws/venv/bin:/opt/ros/humble/bin:/usr/local/sbin:/usr/local/bin:/usr/sbin:/usr/bin:/sbin:/bin:/usr/games:/usr/local/games:/snap/bin'), ('XDG_RUNTIME_DIR', '/run/user/1000'), ('LANG', 'en_US.UTF-8'), ('LS_COLORS', 'rs=0:di=01;34:ln=01;36:mh=00:pi=40;33:so=01;35:do=01;35:bd=40;33;01:cd=40;33;01:or=40;31;01:mi=00:su=37;41:sg=30;43:ca=30;41:tw=30;42:ow=34;42:st=37;44:ex=01;32:*.tar=01;31:*.tgz=01;31:*.arc=01;31:*.arj=01;31:*.taz=01;31:*.lha=01;31:*.lz4=01;31:*.lzh=01;31:*.lzma=01;31:*.tlz=01;31:*.txz=01;31:*.tzo=01;31:*.t7z=01;31:*.zip=01;31:*.z=01;31:*.dz=01;31:*.gz=01;31:*.lrz=01;31:*.lz=01;31:*.lzo=01;31:*.xz=01;31:*.zst=01;31:*.tzst=01;31:*.bz2=01;31:*.bz=01;31:*.tbz=01;31:*.tbz2=01;31:*.tz=01;31:*.deb=01;31:*.rpm=01;31:*.jar=01;31:*.war=01;31:*.ear=01;31:*.sar=01;31:*.rar=01;31:*.alz=01;31:*.ace=01;31:*.zoo=01;31:*.cpio=01;31:*.7z=01;31:*.rz=01;31:*.cab=01;31:*.wim=01;31:*.swm=01;31:*.dwm=01;31:*.esd=01;31:*.jpg=01;35:*.jpeg=01;35:*.mjpg=01;35:*.mjpeg=01;35:*.gif=01;35:*.bmp=01;35:*.pbm=01;35:*.pgm=01;35:*.ppm=01;35:*.tga=01;35:*.xbm=01;35:*.xpm=01;35:*.tif=01;35:*.tiff=01;35:*.png=01;35:*.svg=01;35:*.svgz=01;35:*.mng=01;35:*.pcx=01;35:*.mov=01;35:*.mpg=01;35:*.mpeg=01;35:*.m2v=01;35:*.mkv=01;35:*.webm=01;35:*.webp=01;35:*.ogm=01;35:*.mp4=01;35:*.m4v=01;35:*.mp4v=01;35:*.vob=01;35:*.qt=01;35:*.nuv=01;35:*.wmv=01;35:*.asf=01;35:*.rm=01;35:*.rmvb=01;35:*.flc=01;35:*.avi=01;35:*.fli=01;35:*.flv=01;35:*.gl=01;35:*.dl=01;35:*.xcf=01;35:*.xwd=01;35:*.yuv=01;35:*.cgm=01;35:*.emf=01;35:*.ogv=01;35:*.ogx=01;35:*.aac=00;36:*.au=00;36:*.flac=00;36:*.m4a=00;36:*.mid=00;36:*.midi=00;36:*.mka=00;36:*.mp3=00;36:*.mpc=00;36:*.ogg=00;36:*.ra=00;36:*.wav=00;36:*.oga=00;36:*.opus=00;36:*.spx=00;36:*.xspf=00;36:'), ('AMENT_PREFIX_PATH', '/opt/ros/humble'), ('SHELL', '/bin/bash'), ('LESSCLOSE', '/usr/bin/lesspipe %s %s'), ('VIRTUAL_ENV', '/home/rover/osr_ws/venv'), ('PWD', '/home/rover/osr_ws/build/osr_bringup'), ('LC_ALL', 'en_US.UTF-8'), ('SSH_CONNECTION', 'fe80::8d06:25b3:7f76:bd9c%wlan0 58151 fe80::e65f:1ff:fe0c:4181%wlan0 22'), ('XDG_DATA_DIRS', '/usr/local/share:/usr/share:/var/lib/snapd/desktop'), ('PYTHONPATH', '/opt/ros/humble/lib/python3.10/site-packages:/opt/ros/humble/local/lib/python3.10/dist-packages'), ('COLCON', '1'), ('CMAKE_PREFIX_PATH', '/opt/ros/humble')]), 'shell': False}
[0.280488] (osr_bringup) StdoutLine: {'line': b'-- Install configuration: ""\n'}
[0.282216] (osr_bringup) StdoutLine: {'line': b'-- Execute custom install script\n'}
[0.284383] (osr_bringup) StdoutLine: {'line': b'-- Up-to-date symlink: /home/rover/osr_ws/install/osr_bringup/share/osr_bringup/launch/.gitignore\n'}
[0.285243] (osr_bringup) StdoutLine: {'line': b'-- Up-to-date symlink: /home/rover/osr_ws/install/osr_bringup/share/osr_bringup/launch/osr_launch.py\n'}
[0.287000] (osr_bringup) StdoutLine: {'line': b'-- Up-to-date symlink: /home/rover/osr_ws/install/osr_bringup/share/osr_bringup/config/osr_params.yaml\n'}
[0.287836] (osr_bringup) StdoutLine: {'line': b'-- Up-to-date symlink: /home/rover/osr_ws/install/osr_bringup/share/osr_bringup/config/roboclaw_params.yaml\n'}
[0.289177] (osr_bringup) StdoutLine: {'line': b'-- Up-to-date symlink: /home/rover/osr_ws/install/osr_bringup/share/ament_index/resource_index/package_run_dependencies/osr_bringup\n'}
[0.290726] (osr_bringup) StdoutLine: {'line': b'-- Up-to-date symlink: /home/rover/osr_ws/install/osr_bringup/share/ament_index/resource_index/parent_prefix_path/osr_bringup\n'}
[0.292370] (osr_bringup) StdoutLine: {'line': b'-- Up-to-date symlink: /home/rover/osr_ws/install/osr_bringup/share/osr_bringup/environment/ament_prefix_path.sh\n'}
[0.293561] (osr_bringup) StdoutLine: {'line': b'-- Up-to-date symlink: /home/rover/osr_ws/install/osr_bringup/share/osr_bringup/environment/ament_prefix_path.dsv\n'}
[0.294753] (osr_bringup) StdoutLine: {'line': b'-- Up-to-date symlink: /home/rover/osr_ws/install/osr_bringup/share/osr_bringup/environment/path.sh\n'}
[0.295711] (osr_bringup) StdoutLine: {'line': b'-- Up-to-date symlink: /home/rover/osr_ws/install/osr_bringup/share/osr_bringup/environment/path.dsv\n'}
[0.296506] (osr_bringup) StdoutLine: {'line': b'-- Up-to-date symlink: /home/rover/osr_ws/install/osr_bringup/share/osr_bringup/local_setup.bash\n'}
[0.297315] (osr_bringup) StdoutLine: {'line': b'-- Up-to-date symlink: /home/rover/osr_ws/install/osr_bringup/share/osr_bringup/local_setup.sh\n'}
[0.298216] (osr_bringup) StdoutLine: {'line': b'-- Up-to-date symlink: /home/rover/osr_ws/install/osr_bringup/share/osr_bringup/local_setup.zsh\n'}
[0.299150] (osr_bringup) StdoutLine: {'line': b'-- Up-to-date symlink: /home/rover/osr_ws/install/osr_bringup/share/osr_bringup/local_setup.dsv\n'}
[0.299888] (-) TimerEvent: {}
[0.300683] (osr_bringup) StdoutLine: {'line': b'-- Up-to-date symlink: /home/rover/osr_ws/install/osr_bringup/share/osr_bringup/package.dsv\n'}
[0.301885] (osr_bringup) StdoutLine: {'line': b'-- Up-to-date symlink: /home/rover/osr_ws/install/osr_bringup/share/ament_index/resource_index/packages/osr_bringup\n'}
[0.302769] (osr_bringup) StdoutLine: {'line': b'-- Up-to-date symlink: /home/rover/osr_ws/install/osr_bringup/share/osr_bringup/cmake/osr_bringupConfig.cmake\n'}
[0.303641] (osr_bringup) StdoutLine: {'line': b'-- Up-to-date symlink: /home/rover/osr_ws/install/osr_bringup/share/osr_bringup/cmake/osr_bringupConfig-version.cmake\n'}
[0.304656] (osr_bringup) StdoutLine: {'line': b'-- Up-to-date symlink: /home/rover/osr_ws/install/osr_bringup/share/osr_bringup/package.xml\n'}
[0.309921] (osr_bringup) CommandEnded: {'returncode': 0}
[0.400068] (-) TimerEvent: {}
[0.407132] (osr_bringup) JobEnded: {'identifier': 'osr_bringup', 'rc': 0}
[0.500236] (-) TimerEvent: {}
[0.600928] (-) TimerEvent: {}
[0.660713] (osr_interfaces) StdoutLine: {'line': b'-- Override CMake install command with custom implementation using symlinks instead of copying resources\n'}
[0.670178] (osr_interfaces) StdoutLine: {'line': b'-- Using all available rosidl_typesupport_c: rosidl_typesupport_fastrtps_c;rosidl_typesupport_introspection_c\n'}
[0.681989] (osr_interfaces) StdoutLine: {'line': b'-- Found rosidl_adapter: 3.1.6 (/opt/ros/humble/share/rosidl_adapter/cmake)\n'}
[0.701092] (-) TimerEvent: {}
[0.801770] (-) TimerEvent: {}
[0.862602] (osr_interfaces) StdoutLine: {'line': b'-- Using all available rosidl_typesupport_cpp: rosidl_typesupport_fastrtps_cpp;rosidl_typesupport_introspection_cpp\n'}
[0.901924] (-) TimerEvent: {}
[1.002567] (-) TimerEvent: {}
[1.103353] (-) TimerEvent: {}
[1.204411] (-) TimerEvent: {}
[1.305407] (-) TimerEvent: {}
[1.406041] (-) TimerEvent: {}
[1.465038] (osr_interfaces) StderrLine: {'line': b'\x1b[31mCMake Error at /opt/ros/humble/share/rosidl_adapter/cmake/rosidl_adapt_interfaces.cmake:59 (message):\n'}
[1.465652] (osr_interfaces) StderrLine: {'line': b'  execute_process(/home/rover/osr_ws/venv/bin/python3 -m rosidl_adapter\n'}
[1.466177] (osr_interfaces) StderrLine: {'line': b'  --package-name osr_interfaces --arguments-file\n'}
[1.466510] (osr_interfaces) StderrLine: {'line': b'  /home/rover/osr_ws/build/osr_interfaces/rosidl_adapter__arguments__osr_interfaces.json\n'}
[1.466816] (osr_interfaces) StderrLine: {'line': b'  --output-dir\n'}
[1.467114] (osr_interfaces) StderrLine: {'line': b'  /home/rover/osr_ws/build/osr_interfaces/rosidl_adapter/osr_interfaces\n'}
[1.467537] (osr_interfaces) StderrLine: {'line': b'  --output-file\n'}
[1.467895] (osr_interfaces) StderrLine: {'line': b'  /home/rover/osr_ws/build/osr_interfaces/rosidl_adapter/osr_interfaces.idls)\n'}
[1.468233] (osr_interfaces) StderrLine: {'line': b'  returned error code 1:\n'}
[1.468616] (osr_interfaces) StderrLine: {'line': b'\n'}
[1.468990] (osr_interfaces) StderrLine: {'line': b"  AttributeError processing template 'msg.idl.em'\n"}
[1.469411] (osr_interfaces) StderrLine: {'line': b'\n'}
[1.469797] (osr_interfaces) StderrLine: {'line': b'  Traceback (most recent call last):\n'}
[1.470167] (osr_interfaces) StderrLine: {'line': b'\n'}
[1.470560] (osr_interfaces) StderrLine: {'line': b'    File "/opt/ros/humble/local/lib/python3.10/dist-packages/rosidl_adapter/resource/__init__.py", line 51, in evaluate_template\n'}
[1.470994] (osr_interfaces) StderrLine: {'line': b'      em.BUFFERED_OPT: True,\n'}
[1.471424] (osr_interfaces) StderrLine: {'line': b'\n'}
[1.472080] (osr_interfaces) StderrLine: {'line': b"  AttributeError: module 'em' has no attribute 'BUFFERED_OPT'\n"}
[1.472553] (osr_interfaces) StderrLine: {'line': b'\n'}
[1.472979] (osr_interfaces) StderrLine: {'line': b'  \n'}
[1.473387] (osr_interfaces) StderrLine: {'line': b'\n'}
[1.473888] (osr_interfaces) StderrLine: {'line': b'  During handling of the above exception, another exception occurred:\n'}
[1.474467] (osr_interfaces) StderrLine: {'line': b'\n'}
[1.475066] (osr_interfaces) StderrLine: {'line': b'  \n'}
[1.475505] (osr_interfaces) StderrLine: {'line': b'\n'}
[1.475905] (osr_interfaces) StderrLine: {'line': b'  Traceback (most recent call last):\n'}
[1.476251] (osr_interfaces) StderrLine: {'line': b'\n'}
[1.476616] (osr_interfaces) StderrLine: {'line': b'    File "/usr/lib/python3.10/runpy.py", line 196, in _run_module_as_main\n'}
[1.476971] (osr_interfaces) StderrLine: {'line': b'      return _run_code(code, main_globals, None,\n'}
[1.477305] (osr_interfaces) StderrLine: {'line': b'    File "/usr/lib/python3.10/runpy.py", line 86, in _run_code\n'}
[1.477711] (osr_interfaces) StderrLine: {'line': b'      exec(code, run_globals)\n'}
[1.478125] (osr_interfaces) StderrLine: {'line': b'    File "/opt/ros/humble/local/lib/python3.10/dist-packages/rosidl_adapter/__main__.py", line 19, in <module>\n'}
[1.478537] (osr_interfaces) StderrLine: {'line': b'      sys.exit(main())\n'}
[1.478920] (osr_interfaces) StderrLine: {'line': b'    File "/opt/ros/humble/local/lib/python3.10/dist-packages/rosidl_adapter/main.py", line 53, in main\n'}
[1.479365] (osr_interfaces) StderrLine: {'line': b'      abs_idl_file = convert_to_idl(\n'}
[1.479793] (osr_interfaces) StderrLine: {'line': b'    File "/opt/ros/humble/local/lib/python3.10/dist-packages/rosidl_adapter/__init__.py", line 19, in convert_to_idl\n'}
[1.480957] (osr_interfaces) StderrLine: {'line': b'      return convert_msg_to_idl(\n'}
[1.482439] (osr_interfaces) StderrLine: {'line': b'    File "/opt/ros/humble/local/lib/python3.10/dist-packages/rosidl_adapter/msg/__init__.py", line 39, in convert_msg_to_idl\n'}
[1.482897] (osr_interfaces) StderrLine: {'line': b"      expand_template('msg.idl.em', data, output_file, encoding='iso-8859-1')\n"}
[1.484042] (osr_interfaces) StderrLine: {'line': b'    File "/opt/ros/humble/local/lib/python3.10/dist-packages/rosidl_adapter/resource/__init__.py", line 23, in expand_template\n'}
[1.484428] (osr_interfaces) StderrLine: {'line': b'      content = evaluate_template(template_name, data)\n'}
[1.484892] (osr_interfaces) StderrLine: {'line': b'    File "/opt/ros/humble/local/lib/python3.10/dist-packages/rosidl_adapter/resource/__init__.py", line 69, in evaluate_template\n'}
[1.485751] (osr_interfaces) StderrLine: {'line': b'      _interpreter.shutdown()\n'}
[1.488602] (osr_interfaces) StderrLine: {'line': b'\n'}
[1.490186] (osr_interfaces) StderrLine: {'line': b"  AttributeError: 'NoneType' object has no attribute 'shutdown'\n"}
[1.490542] (osr_interfaces) StderrLine: {'line': b'\n'}
[1.490838] (osr_interfaces) StderrLine: {'line': b'Call Stack (most recent call first):\n'}
[1.491184] (osr_interfaces) StderrLine: {'line': b'  /opt/ros/humble/share/rosidl_cmake/cmake/rosidl_generate_interfaces.cmake:130 (rosidl_adapt_interfaces)\n'}
[1.491658] (osr_interfaces) StderrLine: {'line': b'  CMakeLists.txt:20 (rosidl_generate_interfaces)\n'}
[1.492098] (osr_interfaces) StderrLine: {'line': b'\n'}
[1.492491] (osr_interfaces) StderrLine: {'line': b'\x1b[0m\n'}
[1.492873] (osr_interfaces) StdoutLine: {'line': b'-- Configuring incomplete, errors occurred!\n'}
[1.493272] (osr_interfaces) StdoutLine: {'line': b'See also "/home/rover/osr_ws/build/osr_interfaces/CMakeFiles/CMakeOutput.log".\n'}
[1.493668] (osr_interfaces) CommandEnded: {'returncode': 1}
[1.506251] (-) TimerEvent: {}
[1.546981] (osr_interfaces) JobEnded: {'identifier': 'osr_interfaces', 'rc': 1}
[1.558508] (osr_control) JobSkipped: {'identifier': 'osr_control'}
[1.558703] (-) EventReactorShutdown: {}
